<?xml version="1.0" encoding="UTF-8"?>
<!-- Generated by org.testng.reporters.JUnitXMLReporter -->
<testsuite hostname="saranyass" name="Test" tests="2" failures="1" timestamp="12 Nov 2020 16:36:31 GMT" time="205.37" errors="0">
  <testcase name="@AfterMethod afterMethod" time="0.0" classname="testCases.TC001_BugFileDownlaod">
    <failure type="java.lang.RuntimeException" message="FAILED">
      <![CDATA[java.lang.RuntimeException: FAILED
	at utils.Reporter.reportStep(Reporter.java:37)
	at wrappers.GenericWrappers.quitBrowser(GenericWrappers.java:634)
	at wrappers.ProjectSpecificWrappers.afterMethod(ProjectSpecificWrappers.java:54)
... Removed 26 stack frames]]>
    </failure>
  </testcase> <!-- @AfterMethod afterMethod -->
  <testcase name="@BeforeClass setData" time="0.0" classname="testCases.TC002_CRFileDownlaod">
    <skipped/>
  </testcase> <!-- @BeforeClass setData -->
  <testcase name="@AfterTest afterTest" time="0.0" classname="testCases.TC001_BugFileDownlaod">
    <skipped/>
  </testcase> <!-- @AfterTest afterTest -->
  <testcase name="BugFileDownlaod" time="194.128" classname="testCases.TC001_BugFileDownlaod">
    <failure type="java.lang.RuntimeException" message="FAILED">
      <![CDATA[java.lang.RuntimeException: FAILED
	at utils.Reporter.reportStep(Reporter.java:62)
	at pages.HomePage.clickTypeAsBugs(HomePage.java:116)
	at testCases.TC001_BugFileDownlaod.BugFileDownlaod(TC001_BugFileDownlaod.java:47)
... Removed 24 stack frames]]>
    </failure>
  </testcase> <!-- BugFileDownlaod -->
  <testcase name="CRFileDownlaod" time="0.004" classname="testCases.TC002_CRFileDownlaod">
    <skipped/>
  </testcase> <!-- CRFileDownlaod -->
</testsuite> <!-- Test -->
